<!DOCTYPE html>
<html>
  <head>
    <title>Virtuaxis: VR and AR products for sale, headsets, remotes, rudder and more.</title>

    <link rel="stylesheet" href="https://maxcdn.bootstrapcdn.com/font-awesome/4.4.0/css/font-awesome.min.css">

    <link rel="stylesheet" href="https://maxcdn.bootstrapcdn.com/bootstrap/3.3.5/css/bootstrap.min.css">

    <%= stylesheet_link_tag    'application', media: 'all', 'data-turbolinks-track': 'reload' %>
    <%= javascript_include_tag 'application', 'data-turbolinks-track'=> true %>

    <script src="https://maxcdn.bootstrapcdn.com/bootstrap/3.3.5/js/bootstrap.min.js"></script>

    <meta name="viewport" content="width=device-width, initial-scale=1">

    <%= csrf_meta_tags %>
  </head>

  <body data-spy="scroll" data-target="navbar">
    
    
    <nav class="navbar navbar-default">

      <div class="container-fluid">

        <!-- brand and toggle-->
        
        <div class="navbar-header">
          <button type="button" class="navbar-toggle collapsed" data-toggle="collapse" data-target="#bs-example-navbar-collapse-1" aria-expanded="false">
            <span class="sr-only">Toggle navigation</span>
            <span class="icon-bar"></span>
            <span class="icon-bar"></span>
            <span class="icon-bar"></span>
          </button>
        </div>

        <!--nav links, content for toggling-->
        <div class="collapse navbar-collapse" id="bs-example-navbar-collapse-1">
          <ul class="nav navbar-nav">
            <li class="active"><a href="/static_pages/index.html">Home<span class="sr-only">(current)</span></a></li>
            <li><a href="/static_pages/about">About</a></li>
            <li><a href="/static_pages/contact">Support</a></li>
            <li><a href="#">Resources</a></li>
            <li><a href="/products">Shopping</a></li>
            <li><a href="#">Account</a></li>
         <!--    <li class="dropdown">
              <a href="#" class="dropdown-toggle" data-toggle="dropdown" role="button" aria-haspopup="true" aria-expanded="false">Dropdown</a>
              <ul class="dropdown-menu">
                <li><a href="#">Action</a></li>
                <li><a href="#">Action</a></li>
                <li><a href="#">Action</a></li>
                <li><a href="#">Separated link</a></li>
              </ul>
            </li> -->
          </ul>
        </div>
      <!--     <form class="navbar-form navbar-left">
            <div class="form-group">
              <input type="text" class="form-control" placeholder="Search">
            </div>
            <button type="submit" class="btn btn-default">Submit</button>
          </form>
          <ul class="nav navbar-nav navbar-right">
            <li><a href="#">Link</a></li>
            <li class="dropdown">
              <a href="#" class="dropdown-toggle" data-toggle="dropdown" role="button" aria-haspopup="true" aria-expanded="false">Dropdown</a>
              <ul class="dropdown-menu">
                <li><a href="#">Action</a></li>
                <li><a href="#">Another action</a></li>
                <li><a href="#">Something else here</a></li>
                <li><a href="#">Separated link</a></li>
              </ul>
            </li>
          </ul> -->
        </div>  <!--end navbar header-->
      </div>   <!--end container-->
  	</nav>

    <div class="yield">
      <%= yield%>
    </div>

    <footer>

      <div class="container-fluid">
        <div class="row">
          <div class="col-xs-7 col-sm-4">

            <ul id="items">
              <li><a href="#">About Virtuaxis</a></li>
              <li><a href="#">Support</a></li>
              <li><a href="#">Resources</a></li>
              <li><a href="#">Account</a></li>
              <li><a href="#">Shopping</a></li>
            </ul>
          </div>
          <div class="col-xs-5 col-sm-4">
            <div class="dropdown dropup">
              <a data-target="#" href="page.html" data-toggle="dropdown" class="dropdown-toggle">CAD <span class="glyphicon glyphicon-menu-up"></span></a>
              <ul class="dropdown-menu">
                <li><a href="#">EUR</a></li>
                <li><a href="#">AUD</a></li>
                <li><a href="#">JPY</a></li>
                <li><a href="#">GBP</a></li>
                <li><a href="#">PHP</a></li>
                <li><a href="#">HKD</a></li>
                <li><a href="#">BRL</a></li>
              </ul>   
            </div>
          </div>
          <div class="col-xs-5 col-sm-4">
            <div class="social">
              &nbsp;Follow us<br>
              <a href="twitter"><i class="fa fa-twitter fa-2x"></i></a>
              <a href="facebook"><i class="fa fa-facebook fa-2x"></i></a>
            </div>
          </div>
        </div> <!--  row -->
      </div> <!-- container fluid -->

      <div class="copy">
        <hr>
        &copy; 2007 - 2017 Virtuaxis inc. All Rights Reserved | Design by Caroline Lachance
      </div>

    </footer>

  </body>
</html>
